2021-06-07T10:31:41+00:00 CRITICAL Maximum execution time of 120 seconds exceeded in C:\xampp\htdocs\wordpress\wp-includes\Requests\Transport\cURL.php on line 463

2021-06-07T10:34:00+00:00 CRITICAL Maximum execution time of 120 seconds exceeded in C:\xampp\htdocs\wordpress\wp-includes\Requests\Transport\cURL.php on line 463

2021-06-07T13:04:32+00:00 CRITICAL Uncaught TypeError: implode(): Argument #2 ($array) must be of type ?array, string given in C:\xampp\htdocs\wordpress\wp-content\plugins\translatepress-multilingual\includes\google-translate\functions.php:50
Stack trace:
#0 C:\xampp\htdocs\wordpress\wp-content\plugins\translatepress-multilingual\includes\google-translate\functions.php(50): implode(Array, ' ')
#1 C:\xampp\htdocs\wordpress\wp-includes\class-wp-hook.php(292): trp_gt_add_settings(Array)
#2 C:\xampp\htdocs\wordpress\wp-includes\class-wp-hook.php(316): WP_Hook->apply_filters('', Array)
#3 C:\xampp\htdocs\wordpress\wp-includes\plugin.php(484): WP_Hook->do_action(Array)
#4 C:\xampp\htdocs\wordpress\wp-content\plugins\translatepress-multilingual\partials\machine-translation-settings-page.php(67): do_action('trp_machine_tra...', Array)
#5 C:\xampp\htdocs\wordpress\wp-content\plugins\translatepress-multilingual\includes\class-machine-translation-tab.php(92): require_once('C:\\xampp\\htdocs...')
#6 C:\xampp\htdocs\wordpress\wp-includes\class-wp-hook.php(292): TRP_Machine_Translation_Tab->machine_translation_page_content('')
#7 C:\xampp\htdocs\wordpress\wp-includes\class-wp-hook.php(316): WP_Hook->apply_filters('', Array)
#8 C:\xampp\htdocs\wordpress\wp-includes\plugin.php(484): WP_Hook->do_action(Array)
#9 C:\xampp\htdocs\wordpress\wp-admin\admin.php(259): do_action('admin_page_trp_...')
#10 {main}
  thrown in C:\xampp\htdocs\wordpress\wp-content\plugins\translatepress-multilingual\includes\google-translate\functions.php on line 50

2021-06-07T13:07:17+00:00 CRITICAL Uncaught TypeError: implode(): Argument #2 ($array) must be of type ?array, string given in C:\xampp\htdocs\wordpress\wp-content\plugins\translatepress-multilingual\includes\google-translate\functions.php:50
Stack trace:
#0 C:\xampp\htdocs\wordpress\wp-content\plugins\translatepress-multilingual\includes\google-translate\functions.php(50): implode(Array, ' ')
#1 C:\xampp\htdocs\wordpress\wp-includes\class-wp-hook.php(292): trp_gt_add_settings(Array)
#2 C:\xampp\htdocs\wordpress\wp-includes\class-wp-hook.php(316): WP_Hook->apply_filters('', Array)
#3 C:\xampp\htdocs\wordpress\wp-includes\plugin.php(484): WP_Hook->do_action(Array)
#4 C:\xampp\htdocs\wordpress\wp-content\plugins\translatepress-multilingual\partials\machine-translation-settings-page.php(67): do_action('trp_machine_tra...', Array)
#5 C:\xampp\htdocs\wordpress\wp-content\plugins\translatepress-multilingual\includes\class-machine-translation-tab.php(92): require_once('C:\\xampp\\htdocs...')
#6 C:\xampp\htdocs\wordpress\wp-includes\class-wp-hook.php(292): TRP_Machine_Translation_Tab->machine_translation_page_content('')
#7 C:\xampp\htdocs\wordpress\wp-includes\class-wp-hook.php(316): WP_Hook->apply_filters('', Array)
#8 C:\xampp\htdocs\wordpress\wp-includes\plugin.php(484): WP_Hook->do_action(Array)
#9 C:\xampp\htdocs\wordpress\wp-admin\admin.php(259): do_action('admin_page_trp_...')
#10 {main}
  thrown in C:\xampp\htdocs\wordpress\wp-content\plugins\translatepress-multilingual\includes\google-translate\functions.php on line 50

2021-06-07T13:16:20+00:00 CRITICAL Uncaught TypeError: implode(): Argument #2 ($array) must be of type ?array, string given in C:\xampp\htdocs\wordpress\wp-content\plugins\translatepress-multilingual\includes\google-translate\functions.php:50
Stack trace:
#0 C:\xampp\htdocs\wordpress\wp-content\plugins\translatepress-multilingual\includes\google-translate\functions.php(50): implode(Array, ' ')
#1 C:\xampp\htdocs\wordpress\wp-includes\class-wp-hook.php(292): trp_gt_add_settings(Array)
#2 C:\xampp\htdocs\wordpress\wp-includes\class-wp-hook.php(316): WP_Hook->apply_filters('', Array)
#3 C:\xampp\htdocs\wordpress\wp-includes\plugin.php(484): WP_Hook->do_action(Array)
#4 C:\xampp\htdocs\wordpress\wp-content\plugins\translatepress-multilingual\partials\machine-translation-settings-page.php(67): do_action('trp_machine_tra...', Array)
#5 C:\xampp\htdocs\wordpress\wp-content\plugins\translatepress-multilingual\includes\class-machine-translation-tab.php(92): require_once('C:\\xampp\\htdocs...')
#6 C:\xampp\htdocs\wordpress\wp-includes\class-wp-hook.php(292): TRP_Machine_Translation_Tab->machine_translation_page_content('')
#7 C:\xampp\htdocs\wordpress\wp-includes\class-wp-hook.php(316): WP_Hook->apply_filters('', Array)
#8 C:\xampp\htdocs\wordpress\wp-includes\plugin.php(484): WP_Hook->do_action(Array)
#9 C:\xampp\htdocs\wordpress\wp-admin\admin.php(259): do_action('admin_page_trp_...')
#10 {main}
  thrown in C:\xampp\htdocs\wordpress\wp-content\plugins\translatepress-multilingual\includes\google-translate\functions.php on line 50

2021-06-07T13:24:29+00:00 CRITICAL Maximum execution time of 120 seconds exceeded in C:\xampp\htdocs\wordpress\wp-includes\Requests\Transport\cURL.php on line 463

2021-06-07T13:55:45+00:00 CRITICAL Maximum execution time of 120 seconds exceeded in C:\xampp\htdocs\wordpress\wp-includes\Requests\Transport\cURL.php on line 463

